INFO: [VRFC 10-2263] Analyzing Verilog file "C:/Users/jeeva/Documents/lab5_new/lab5_new.sim/sim_1/synth/func/xsim/testbench_5_1_new_func_synth.v" into library xil_defaultlib
INFO: [VRFC 10-311] analyzing module ALU
INFO: [VRFC 10-311] analyzing module HexDriver
INFO: [VRFC 10-311] analyzing module HexDriver_0
INFO: [VRFC 10-311] analyzing module ISDU
INFO: [VRFC 10-311] analyzing module Instantiateram
INFO: [VRFC 10-311] analyzing module RegisterFile
INFO: [VRFC 10-311] analyzing module TSB_Mux
INFO: [VRFC 10-311] analyzing module blk_mem_gen_1
INFO: [VRFC 10-311] analyzing module register
INFO: [VRFC 10-311] analyzing module register_1
INFO: [VRFC 10-311] analyzing module register_2
INFO: [VRFC 10-311] analyzing module register_3
INFO: [VRFC 10-311] analyzing module register_4
INFO: [VRFC 10-311] analyzing module slc3
INFO: [VRFC 10-311] analyzing module slc3_sramtop
INFO: [VRFC 10-311] analyzing module sync
INFO: [VRFC 10-311] analyzing module blk_mem_gen_1_blk_mem_gen_generic_cstr
INFO: [VRFC 10-311] analyzing module blk_mem_gen_1_blk_mem_gen_prim_width
INFO: [VRFC 10-311] analyzing module blk_mem_gen_1_blk_mem_gen_prim_wrapper
INFO: [VRFC 10-311] analyzing module blk_mem_gen_1_blk_mem_gen_top
INFO: [VRFC 10-311] analyzing module blk_mem_gen_1_blk_mem_gen_v8_4_5
INFO: [VRFC 10-311] analyzing module blk_mem_gen_1_blk_mem_gen_v8_4_5_synth
INFO: [VRFC 10-311] analyzing module glbl
INFO: [VRFC 10-2263] Analyzing SystemVerilog file "C:/Users/jeeva/Documents/lab5_new/lab5_new.srcs/sources_1/new/ALU.sv" into library xil_defaultlib
INFO: [VRFC 10-311] analyzing module ALU
WARNING: [VRFC 10-3609] overwriting previous definition of module 'ALU' [C:/Users/jeeva/Documents/lab5_new/lab5_new.srcs/sources_1/new/ALU.sv:23]
INFO: [VRFC 10-2263] Analyzing SystemVerilog file "C:/Users/jeeva/Documents/lab5_new/lab5_new.srcs/sources_1/new/Adder.sv" into library xil_defaultlib
INFO: [VRFC 10-311] analyzing module Adder
INFO: [VRFC 10-2263] Analyzing SystemVerilog file "C:/Users/jeeva/Documents/lab5_provided_fa23/provided/srcs/ISDU.sv" into library xil_defaultlib
INFO: [VRFC 10-311] analyzing module ISDU
WARNING: [VRFC 10-3609] overwriting previous definition of module 'ISDU' [C:/Users/jeeva/Documents/lab5_provided_fa23/provided/srcs/ISDU.sv:21]
INFO: [VRFC 10-2263] Analyzing SystemVerilog file "C:/Users/jeeva/Documents/lab5_new/lab5_new.srcs/sources_1/Instantiateram.sv" into library xil_defaultlib
INFO: [VRFC 10-311] analyzing module Instantiateram
WARNING: [VRFC 10-9236] non-void function 'opRET' is called without empty parentheses [C:/Users/jeeva/Documents/lab5_new/lab5_new.srcs/sources_1/Instantiateram.sv:150]
WARNING: [VRFC 10-9236] non-void function 'opRET' is called without empty parentheses [C:/Users/jeeva/Documents/lab5_new/lab5_new.srcs/sources_1/Instantiateram.sv:222]
WARNING: [VRFC 10-9236] non-void function 'opRET' is called without empty parentheses [C:/Users/jeeva/Documents/lab5_new/lab5_new.srcs/sources_1/Instantiateram.sv:240]
WARNING: [VRFC 10-9236] non-void function 'opRET' is called without empty parentheses [C:/Users/jeeva/Documents/lab5_new/lab5_new.srcs/sources_1/Instantiateram.sv:258]
WARNING: [VRFC 10-3609] overwriting previous definition of module 'Instantiateram' [C:/Users/jeeva/Documents/lab5_new/lab5_new.srcs/sources_1/Instantiateram.sv:17]
INFO: [VRFC 10-2263] Analyzing SystemVerilog file "C:/Users/jeeva/Documents/lab5_new/lab5_new.srcs/sources_1/new/MIOMux.sv" into library xil_defaultlib
INFO: [VRFC 10-311] analyzing module MIOMux
INFO: [VRFC 10-2263] Analyzing SystemVerilog file "C:/Users/jeeva/Documents/lab5_provided_fa23/provided/srcs/Mem2IO.sv" into library xil_defaultlib
INFO: [VRFC 10-311] analyzing module Mem2IO
INFO: [VRFC 10-2263] Analyzing SystemVerilog file "C:/Users/jeeva/Documents/lab5_new/lab5_new.srcs/sources_1/new/PC_mux.sv" into library xil_defaultlib
INFO: [VRFC 10-311] analyzing module PC_mux
INFO: [VRFC 10-2263] Analyzing SystemVerilog file "C:/Users/jeeva/Documents/lab5_new/lab5_new.srcs/sources_1/new/RegisterFile.sv" into library xil_defaultlib
INFO: [VRFC 10-311] analyzing module RegisterFile
WARNING: [VRFC 10-3609] overwriting previous definition of module 'RegisterFile' [C:/Users/jeeva/Documents/lab5_new/lab5_new.srcs/sources_1/new/RegisterFile.sv:23]
INFO: [VRFC 10-2263] Analyzing SystemVerilog file "C:/Users/jeeva/Documents/lab5_new/lab5_new.srcs/sources_1/new/SEXT.sv" into library xil_defaultlib
INFO: [VRFC 10-311] analyzing module SEXT_11_Bit_To_16_Bit
INFO: [VRFC 10-311] analyzing module SEXT_9_Bit_To_16_Bit
INFO: [VRFC 10-311] analyzing module SEXT_6_Bit_To_16_Bit
INFO: [VRFC 10-311] analyzing module SEXT_5_Bit_To_16_Bit
INFO: [VRFC 10-2263] Analyzing SystemVerilog file "C:/Users/jeeva/Documents/lab5_new/lab5_new.srcs/sources_1/new/SRMux.sv" into library xil_defaultlib
INFO: [VRFC 10-311] analyzing module SRMux
INFO: [VRFC 10-2263] Analyzing SystemVerilog file "C:/Users/jeeva/Documents/lab5_new/lab5_new.srcs/sources_1/new/TSB_Mux.sv" into library xil_defaultlib
INFO: [VRFC 10-311] analyzing module TSB_Mux
WARNING: [VRFC 10-3609] overwriting previous definition of module 'TSB_Mux' [C:/Users/jeeva/Documents/lab5_new/lab5_new.srcs/sources_1/new/TSB_Mux.sv:23]
INFO: [VRFC 10-2263] Analyzing SystemVerilog file "C:/Users/jeeva/Documents/lab5_new/lab5_new.srcs/sources_1/new/generalMux.sv" into library xil_defaultlib
INFO: [VRFC 10-311] analyzing module generalMux
INFO: [VRFC 10-2263] Analyzing SystemVerilog file "C:/Users/jeeva/Documents/lab5_new/lab5_new.srcs/sources_1/hex.sv" into library xil_defaultlib
INFO: [VRFC 10-311] analyzing module HexDriver
INFO: [VRFC 10-311] analyzing module nibble_to_hex
WARNING: [VRFC 10-3609] overwriting previous definition of module 'HexDriver' [C:/Users/jeeva/Documents/lab5_new/lab5_new.srcs/sources_1/hex.sv:1]
INFO: [VRFC 10-2263] Analyzing SystemVerilog file "C:/Users/jeeva/Documents/lab5_provided_fa23/provided/srcs/memory_contents.sv" into library xil_defaultlib
INFO: [VRFC 10-311] analyzing module memory_parser
INFO: [VRFC 10-2263] Analyzing SystemVerilog file "C:/Users/jeeva/Documents/lab5_new/lab5_new.srcs/sources_1/new/register.sv" into library xil_defaultlib
INFO: [VRFC 10-311] analyzing module register
WARNING: [VRFC 10-3609] overwriting previous definition of module 'register' [C:/Users/jeeva/Documents/lab5_new/lab5_new.srcs/sources_1/new/register.sv:23]
INFO: [VRFC 10-311] analyzing module oneBitRegister
INFO: [VRFC 10-311] analyzing module ben_reg
INFO: [VRFC 10-2263] Analyzing SystemVerilog file "C:/Users/jeeva/Documents/lab5_provided_fa23/provided/srcs/slc3.sv" into library xil_defaultlib
INFO: [VRFC 10-311] analyzing module slc3
WARNING: [VRFC 10-2938] 'AdderOutput' is already implicitly declared on line 76 [C:/Users/jeeva/Documents/lab5_provided_fa23/provided/srcs/slc3.sv:88]
WARNING: [VRFC 10-2938] 'ADDR1MUXOUTPUT' is already implicitly declared on line 89 [C:/Users/jeeva/Documents/lab5_provided_fa23/provided/srcs/slc3.sv:92]
WARNING: [VRFC 10-2938] 'ADDR2MUXOUTPUT' is already implicitly declared on line 89 [C:/Users/jeeva/Documents/lab5_provided_fa23/provided/srcs/slc3.sv:96]
WARNING: [VRFC 10-2938] 'SR1' is already implicitly declared on line 93 [C:/Users/jeeva/Documents/lab5_provided_fa23/provided/srcs/slc3.sv:116]
WARNING: [VRFC 10-2938] 'DRMuxOutput' is already implicitly declared on line 117 [C:/Users/jeeva/Documents/lab5_provided_fa23/provided/srcs/slc3.sv:120]
WARNING: [VRFC 10-2938] 'SR1MUXOutput' is already implicitly declared on line 117 [C:/Users/jeeva/Documents/lab5_provided_fa23/provided/srcs/slc3.sv:126]
WARNING: [VRFC 10-2938] 'ALUOutput' is already implicitly declared on line 76 [C:/Users/jeeva/Documents/lab5_provided_fa23/provided/srcs/slc3.sv:143]
WARNING: [VRFC 10-3380] identifier 'SR2SextOutput' is used before its declaration [C:/Users/jeeva/Documents/lab5_provided_fa23/provided/srcs/slc3.sv:134]
WARNING: [VRFC 10-3609] overwriting previous definition of module 'slc3' [C:/Users/jeeva/Documents/lab5_provided_fa23/provided/srcs/slc3.sv:22]
INFO: [VRFC 10-2263] Analyzing SystemVerilog file "C:/Users/jeeva/Documents/lab5_provided_fa23/provided/srcs/slc3_testtop.sv" into library xil_defaultlib
INFO: [VRFC 10-311] analyzing module slc3_testtop
INFO: [VRFC 10-2263] Analyzing SystemVerilog file "C:/Users/jeeva/Documents/lab5_provided_fa23/provided/srcs/synchronizers.sv" into library xil_defaultlib
INFO: [VRFC 10-311] analyzing module sync
WARNING: [VRFC 10-3609] overwriting previous definition of module 'sync' [C:/Users/jeeva/Documents/lab5_provided_fa23/provided/srcs/synchronizers.sv:5]
INFO: [VRFC 10-311] analyzing module sync_r0
INFO: [VRFC 10-311] analyzing module sync_r1
INFO: [VRFC 10-2263] Analyzing SystemVerilog file "C:/Users/jeeva/Documents/lab5_provided_fa23/provided/srcs/test_memory.sv" into library xil_defaultlib
INFO: [VRFC 10-311] analyzing module test_memory
INFO: [VRFC 10-2263] Analyzing SystemVerilog file "C:/Users/jeeva/Documents/lab5_new/lab5_new.srcs/sim_1/new/testbench_5_1_new.sv" into library xil_defaultlib
INFO: [VRFC 10-311] analyzing module testbench_5_1_new
